1738480971485:help
1738481087532:add "Buy groceries"
1738495141466:help
1738495154934:add "Buy new car"
1738497666380:help
1738497680557:add "Buy groceries"
1738497694851:stacktrace
1738498114666:add "buy groceries"
1738498143192:stacktrace
1738498296643:add "buy groceries"
1738498320948:stacktrace
1738498533881:add "buy groceries"
1738498907661:add "buy chicken"
1738499043947:add "set timer for 15 mins"
1738500104788:help
1738500119764:update 1 "Buy groceries and cook dinner"
1738500207935:add "buy groceries"
1738500218151:add "buy meat"
1738500242305:update 1 "buy groceries and cook dinner"
1738502796529:help
1738502866116:add "Play FC25"
1738502909150:delete 2
1738503287803:add "Watch Jailer"
1738504203590:help
1738504215909:mark-in-progress 4
1738504644787:help
1738504666795:mark-done 3
1738505847224:help
1738505852562:list
1738506571221:help
1738506578286:list done
1738506644696:help
1738506651377:list
1738507152979:help
1738507157288:list
1738507169280:list done
1738507223050:list todo
1738507249814:list in-progress
